mode: set
github.com/splunk/syntheticsclient/syntheticsclientv2/create_apicheckv2.go:22.82,27.16 4 1
github.com/splunk/syntheticsclient/syntheticsclientv2/create_apicheckv2.go:27.16,29.3 1 0
github.com/splunk/syntheticsclient/syntheticsclientv2/create_apicheckv2.go:31.2,31.31 1 1
github.com/splunk/syntheticsclient/syntheticsclientv2/create_apicheckv2.go:34.116,35.53 1 1
github.com/splunk/syntheticsclient/syntheticsclientv2/create_apicheckv2.go:35.53,38.3 2 0
github.com/splunk/syntheticsclient/syntheticsclientv2/create_apicheckv2.go:40.2,40.59 1 1
github.com/splunk/syntheticsclient/syntheticsclientv2/create_apicheckv2.go:40.59,43.3 2 0
github.com/splunk/syntheticsclient/syntheticsclientv2/create_apicheckv2.go:45.2,46.16 2 1
github.com/splunk/syntheticsclient/syntheticsclientv2/create_apicheckv2.go:46.16,48.3 1 0
github.com/splunk/syntheticsclient/syntheticsclientv2/create_apicheckv2.go:50.2,51.16 2 1
github.com/splunk/syntheticsclient/syntheticsclientv2/create_apicheckv2.go:51.16,53.3 1 0
github.com/splunk/syntheticsclient/syntheticsclientv2/create_apicheckv2.go:55.2,56.16 2 1
github.com/splunk/syntheticsclient/syntheticsclientv2/create_apicheckv2.go:56.16,58.3 1 0
github.com/splunk/syntheticsclient/syntheticsclientv2/create_apicheckv2.go:60.2,60.36 1 1
github.com/splunk/syntheticsclient/syntheticsclientv2/create_browsercheckv2.go:22.90,27.16 4 1
github.com/splunk/syntheticsclient/syntheticsclientv2/create_browsercheckv2.go:27.16,29.3 1 0
github.com/splunk/syntheticsclient/syntheticsclientv2/create_browsercheckv2.go:31.2,31.35 1 1
github.com/splunk/syntheticsclient/syntheticsclientv2/create_browsercheckv2.go:34.132,37.16 2 1
github.com/splunk/syntheticsclient/syntheticsclientv2/create_browsercheckv2.go:37.16,39.3 1 0
github.com/splunk/syntheticsclient/syntheticsclientv2/create_browsercheckv2.go:41.2,42.16 2 1
github.com/splunk/syntheticsclient/syntheticsclientv2/create_browsercheckv2.go:42.16,44.3 1 0
github.com/splunk/syntheticsclient/syntheticsclientv2/create_browsercheckv2.go:46.2,47.16 2 1
github.com/splunk/syntheticsclient/syntheticsclientv2/create_browsercheckv2.go:47.16,49.3 1 0
github.com/splunk/syntheticsclient/syntheticsclientv2/create_browsercheckv2.go:51.2,51.40 1 1
github.com/splunk/syntheticsclient/syntheticsclientv2/create_downtimeconfigurationv2.go:22.108,27.16 4 1
github.com/splunk/syntheticsclient/syntheticsclientv2/create_downtimeconfigurationv2.go:27.16,29.3 1 0
github.com/splunk/syntheticsclient/syntheticsclientv2/create_downtimeconfigurationv2.go:31.2,31.44 1 1
github.com/splunk/syntheticsclient/syntheticsclientv2/create_downtimeconfigurationv2.go:34.168,37.16 2 1
github.com/splunk/syntheticsclient/syntheticsclientv2/create_downtimeconfigurationv2.go:37.16,39.3 1 0
github.com/splunk/syntheticsclient/syntheticsclientv2/create_downtimeconfigurationv2.go:41.2,42.16 2 1
github.com/splunk/syntheticsclient/syntheticsclientv2/create_downtimeconfigurationv2.go:42.16,44.3 1 0
github.com/splunk/syntheticsclient/syntheticsclientv2/create_downtimeconfigurationv2.go:46.2,47.16 2 1
github.com/splunk/syntheticsclient/syntheticsclientv2/create_downtimeconfigurationv2.go:47.16,49.3 1 0
github.com/splunk/syntheticsclient/syntheticsclientv2/create_downtimeconfigurationv2.go:51.2,51.49 1 1
github.com/splunk/syntheticsclient/syntheticsclientv2/create_httpcheckv2.go:22.84,27.16 4 1
github.com/splunk/syntheticsclient/syntheticsclientv2/create_httpcheckv2.go:27.16,29.3 1 0
github.com/splunk/syntheticsclient/syntheticsclientv2/create_httpcheckv2.go:31.2,31.32 1 1
github.com/splunk/syntheticsclient/syntheticsclientv2/create_httpcheckv2.go:34.120,36.48 1 1
github.com/splunk/syntheticsclient/syntheticsclientv2/create_httpcheckv2.go:36.48,39.3 2 1
github.com/splunk/syntheticsclient/syntheticsclientv2/create_httpcheckv2.go:41.2,42.16 2 1
github.com/splunk/syntheticsclient/syntheticsclientv2/create_httpcheckv2.go:42.16,44.3 1 0
github.com/splunk/syntheticsclient/syntheticsclientv2/create_httpcheckv2.go:46.2,47.16 2 1
github.com/splunk/syntheticsclient/syntheticsclientv2/create_httpcheckv2.go:47.16,49.3 1 0
github.com/splunk/syntheticsclient/syntheticsclientv2/create_httpcheckv2.go:51.2,52.16 2 1
github.com/splunk/syntheticsclient/syntheticsclientv2/create_httpcheckv2.go:52.16,54.3 1 0
github.com/splunk/syntheticsclient/syntheticsclientv2/create_httpcheckv2.go:56.2,56.37 1 1
github.com/splunk/syntheticsclient/syntheticsclientv2/create_locationv2.go:22.82,27.16 4 1
github.com/splunk/syntheticsclient/syntheticsclientv2/create_locationv2.go:27.16,29.3 1 0
github.com/splunk/syntheticsclient/syntheticsclientv2/create_locationv2.go:31.2,31.31 1 1
github.com/splunk/syntheticsclient/syntheticsclientv2/create_locationv2.go:34.116,37.16 2 1
github.com/splunk/syntheticsclient/syntheticsclientv2/create_locationv2.go:37.16,39.3 1 0
github.com/splunk/syntheticsclient/syntheticsclientv2/create_locationv2.go:41.2,42.16 2 1
github.com/splunk/syntheticsclient/syntheticsclientv2/create_locationv2.go:42.16,44.3 1 0
github.com/splunk/syntheticsclient/syntheticsclientv2/create_locationv2.go:46.2,47.16 2 1
github.com/splunk/syntheticsclient/syntheticsclientv2/create_locationv2.go:47.16,49.3 1 0
github.com/splunk/syntheticsclient/syntheticsclientv2/create_locationv2.go:51.2,51.36 1 1
github.com/splunk/syntheticsclient/syntheticsclientv2/create_portcheckv2.go:22.84,27.16 4 1
github.com/splunk/syntheticsclient/syntheticsclientv2/create_portcheckv2.go:27.16,29.3 1 0
github.com/splunk/syntheticsclient/syntheticsclientv2/create_portcheckv2.go:31.2,31.32 1 1
github.com/splunk/syntheticsclient/syntheticsclientv2/create_portcheckv2.go:34.120,37.16 2 1
github.com/splunk/syntheticsclient/syntheticsclientv2/create_portcheckv2.go:37.16,39.3 1 0
github.com/splunk/syntheticsclient/syntheticsclientv2/create_portcheckv2.go:41.2,42.16 2 1
github.com/splunk/syntheticsclient/syntheticsclientv2/create_portcheckv2.go:42.16,44.3 1 0
github.com/splunk/syntheticsclient/syntheticsclientv2/create_portcheckv2.go:46.2,47.16 2 1
github.com/splunk/syntheticsclient/syntheticsclientv2/create_portcheckv2.go:47.16,49.3 1 0
github.com/splunk/syntheticsclient/syntheticsclientv2/create_portcheckv2.go:51.2,51.37 1 1
github.com/splunk/syntheticsclient/syntheticsclientv2/create_variablev2.go:22.82,27.16 4 1
github.com/splunk/syntheticsclient/syntheticsclientv2/create_variablev2.go:27.16,29.3 1 0
github.com/splunk/syntheticsclient/syntheticsclientv2/create_variablev2.go:31.2,31.31 1 1
github.com/splunk/syntheticsclient/syntheticsclientv2/create_variablev2.go:34.116,37.16 2 1
github.com/splunk/syntheticsclient/syntheticsclientv2/create_variablev2.go:37.16,39.3 1 0
github.com/splunk/syntheticsclient/syntheticsclientv2/create_variablev2.go:41.2,42.16 2 1
github.com/splunk/syntheticsclient/syntheticsclientv2/create_variablev2.go:42.16,44.3 1 0
github.com/splunk/syntheticsclient/syntheticsclientv2/create_variablev2.go:46.2,47.16 2 1
github.com/splunk/syntheticsclient/syntheticsclientv2/create_variablev2.go:47.16,49.3 1 0
github.com/splunk/syntheticsclient/syntheticsclientv2/create_variablev2.go:51.2,51.36 1 1
github.com/splunk/syntheticsclient/syntheticsclientv2/delete_apicheckv2.go:24.55,26.16 2 1
github.com/splunk/syntheticsclient/syntheticsclientv2/delete_apicheckv2.go:26.16,28.3 1 0
github.com/splunk/syntheticsclient/syntheticsclientv2/delete_apicheckv2.go:29.2,33.35 3 1
github.com/splunk/syntheticsclient/syntheticsclientv2/delete_apicheckv2.go:33.35,36.3 2 0
github.com/splunk/syntheticsclient/syntheticsclientv2/delete_apicheckv2.go:38.2,38.20 1 1
github.com/splunk/syntheticsclient/syntheticsclientv2/delete_browsercheckv2.go:24.59,26.16 2 1
github.com/splunk/syntheticsclient/syntheticsclientv2/delete_browsercheckv2.go:26.16,28.3 1 0
github.com/splunk/syntheticsclient/syntheticsclientv2/delete_browsercheckv2.go:29.2,33.35 3 1
github.com/splunk/syntheticsclient/syntheticsclientv2/delete_browsercheckv2.go:33.35,36.3 2 0
github.com/splunk/syntheticsclient/syntheticsclientv2/delete_browsercheckv2.go:38.2,38.20 1 1
github.com/splunk/syntheticsclient/syntheticsclientv2/delete_downtimeconfigurationv2.go:24.68,26.16 2 1
github.com/splunk/syntheticsclient/syntheticsclientv2/delete_downtimeconfigurationv2.go:26.16,28.3 1 0
github.com/splunk/syntheticsclient/syntheticsclientv2/delete_downtimeconfigurationv2.go:29.2,33.35 3 1
github.com/splunk/syntheticsclient/syntheticsclientv2/delete_downtimeconfigurationv2.go:33.35,36.3 2 0
github.com/splunk/syntheticsclient/syntheticsclientv2/delete_downtimeconfigurationv2.go:38.2,38.20 1 1
github.com/splunk/syntheticsclient/syntheticsclientv2/delete_httpcheckv2.go:24.56,26.16 2 1
github.com/splunk/syntheticsclient/syntheticsclientv2/delete_httpcheckv2.go:26.16,28.3 1 0
github.com/splunk/syntheticsclient/syntheticsclientv2/delete_httpcheckv2.go:29.2,33.35 3 1
github.com/splunk/syntheticsclient/syntheticsclientv2/delete_httpcheckv2.go:33.35,36.3 2 0
github.com/splunk/syntheticsclient/syntheticsclientv2/delete_httpcheckv2.go:38.2,38.20 1 1
github.com/splunk/syntheticsclient/syntheticsclientv2/delete_locationv2.go:24.58,26.16 2 1
github.com/splunk/syntheticsclient/syntheticsclientv2/delete_locationv2.go:26.16,28.3 1 0
github.com/splunk/syntheticsclient/syntheticsclientv2/delete_locationv2.go:29.2,33.35 3 1
github.com/splunk/syntheticsclient/syntheticsclientv2/delete_locationv2.go:33.35,36.3 2 0
github.com/splunk/syntheticsclient/syntheticsclientv2/delete_locationv2.go:38.2,38.20 1 1
github.com/splunk/syntheticsclient/syntheticsclientv2/delete_portcheckv2.go:24.56,26.16 2 1
github.com/splunk/syntheticsclient/syntheticsclientv2/delete_portcheckv2.go:26.16,28.3 1 0
github.com/splunk/syntheticsclient/syntheticsclientv2/delete_portcheckv2.go:29.2,33.35 3 1
github.com/splunk/syntheticsclient/syntheticsclientv2/delete_portcheckv2.go:33.35,36.3 2 0
github.com/splunk/syntheticsclient/syntheticsclientv2/delete_portcheckv2.go:38.2,38.20 1 1
github.com/splunk/syntheticsclient/syntheticsclientv2/delete_variablev2.go:24.55,26.16 2 1
github.com/splunk/syntheticsclient/syntheticsclientv2/delete_variablev2.go:26.16,28.3 1 0
github.com/splunk/syntheticsclient/syntheticsclientv2/delete_variablev2.go:29.2,33.35 3 1
github.com/splunk/syntheticsclient/syntheticsclientv2/delete_variablev2.go:33.35,36.3 2 0
github.com/splunk/syntheticsclient/syntheticsclientv2/delete_variablev2.go:38.2,38.20 1 1
github.com/splunk/syntheticsclient/syntheticsclientv2/get_apicheckv2.go:23.76,27.16 3 1
github.com/splunk/syntheticsclient/syntheticsclientv2/get_apicheckv2.go:27.16,29.3 1 0
github.com/splunk/syntheticsclient/syntheticsclientv2/get_apicheckv2.go:31.2,31.20 1 1
github.com/splunk/syntheticsclient/syntheticsclientv2/get_apicheckv2.go:34.85,41.16 2 1
github.com/splunk/syntheticsclient/syntheticsclientv2/get_apicheckv2.go:41.16,43.3 1 0
github.com/splunk/syntheticsclient/syntheticsclientv2/get_apicheckv2.go:45.2,46.16 2 1
github.com/splunk/syntheticsclient/syntheticsclientv2/get_apicheckv2.go:46.16,48.3 1 0
github.com/splunk/syntheticsclient/syntheticsclientv2/get_apicheckv2.go:50.2,50.28 1 1
github.com/splunk/syntheticsclient/syntheticsclientv2/get_browsercheckv2.go:23.87,27.16 3 1
github.com/splunk/syntheticsclient/syntheticsclientv2/get_browsercheckv2.go:27.16,29.3 1 0
github.com/splunk/syntheticsclient/syntheticsclientv2/get_browsercheckv2.go:31.2,31.29 1 1
github.com/splunk/syntheticsclient/syntheticsclientv2/get_browsercheckv2.go:34.93,38.16 2 1
github.com/splunk/syntheticsclient/syntheticsclientv2/get_browsercheckv2.go:38.16,40.3 1 1
github.com/splunk/syntheticsclient/syntheticsclientv2/get_browsercheckv2.go:42.2,43.16 2 1
github.com/splunk/syntheticsclient/syntheticsclientv2/get_browsercheckv2.go:43.16,45.3 1 0
github.com/splunk/syntheticsclient/syntheticsclientv2/get_browsercheckv2.go:47.2,47.37 1 1
github.com/splunk/syntheticsclient/syntheticsclientv2/get_checksv2.go:23.72,27.16 3 1
github.com/splunk/syntheticsclient/syntheticsclientv2/get_checksv2.go:27.16,29.3 1 0
github.com/splunk/syntheticsclient/syntheticsclientv2/get_checksv2.go:31.2,31.21 1 1
github.com/splunk/syntheticsclient/syntheticsclientv2/get_checksv2.go:35.101,37.27 1 1
github.com/splunk/syntheticsclient/syntheticsclientv2/get_checksv2.go:37.27,39.3 1 1
github.com/splunk/syntheticsclient/syntheticsclientv2/get_checksv2.go:40.2,40.25 1 1
github.com/splunk/syntheticsclient/syntheticsclientv2/get_checksv2.go:40.25,42.3 1 1
github.com/splunk/syntheticsclient/syntheticsclientv2/get_checksv2.go:43.2,43.22 1 1
github.com/splunk/syntheticsclient/syntheticsclientv2/get_checksv2.go:43.22,45.3 1 0
github.com/splunk/syntheticsclient/syntheticsclientv2/get_checksv2.go:46.2,46.25 1 1
github.com/splunk/syntheticsclient/syntheticsclientv2/get_checksv2.go:46.25,48.3 1 0
github.com/splunk/syntheticsclient/syntheticsclientv2/get_checksv2.go:51.2,58.16 2 1
github.com/splunk/syntheticsclient/syntheticsclientv2/get_checksv2.go:58.16,60.3 1 0
github.com/splunk/syntheticsclient/syntheticsclientv2/get_checksv2.go:62.2,63.16 2 1
github.com/splunk/syntheticsclient/syntheticsclientv2/get_checksv2.go:63.16,65.3 1 0
github.com/splunk/syntheticsclient/syntheticsclientv2/get_checksv2.go:67.2,67.28 1 1
github.com/splunk/syntheticsclient/syntheticsclientv2/get_devicesv2.go:22.74,26.16 3 1
github.com/splunk/syntheticsclient/syntheticsclientv2/get_devicesv2.go:26.16,28.3 1 0
github.com/splunk/syntheticsclient/syntheticsclientv2/get_devicesv2.go:30.2,30.21 1 1
github.com/splunk/syntheticsclient/syntheticsclientv2/get_devicesv2.go:33.77,40.16 2 1
github.com/splunk/syntheticsclient/syntheticsclientv2/get_devicesv2.go:40.16,42.3 1 0
github.com/splunk/syntheticsclient/syntheticsclientv2/get_devicesv2.go:44.2,45.16 2 1
github.com/splunk/syntheticsclient/syntheticsclientv2/get_devicesv2.go:45.16,47.3 1 0
github.com/splunk/syntheticsclient/syntheticsclientv2/get_devicesv2.go:49.2,49.28 1 1
github.com/splunk/syntheticsclient/syntheticsclientv2/get_downtimeconfigurationsv2.go:23.102,27.16 3 1
github.com/splunk/syntheticsclient/syntheticsclientv2/get_downtimeconfigurationsv2.go:27.16,29.3 1 0
github.com/splunk/syntheticsclient/syntheticsclientv2/get_downtimeconfigurationsv2.go:31.2,31.20 1 1
github.com/splunk/syntheticsclient/syntheticsclientv2/get_downtimeconfigurationsv2.go:34.111,41.16 2 1
github.com/splunk/syntheticsclient/syntheticsclientv2/get_downtimeconfigurationsv2.go:41.16,43.3 1 0
github.com/splunk/syntheticsclient/syntheticsclientv2/get_downtimeconfigurationsv2.go:45.2,46.16 2 1
github.com/splunk/syntheticsclient/syntheticsclientv2/get_downtimeconfigurationsv2.go:46.16,48.3 1 0
github.com/splunk/syntheticsclient/syntheticsclientv2/get_downtimeconfigurationsv2.go:50.2,50.28 1 1
github.com/splunk/syntheticsclient/syntheticsclientv2/get_downtimeconfigurationsv2.go:53.104,57.16 3 1
github.com/splunk/syntheticsclient/syntheticsclientv2/get_downtimeconfigurationsv2.go:57.16,59.3 1 0
github.com/splunk/syntheticsclient/syntheticsclientv2/get_downtimeconfigurationsv2.go:61.2,61.20 1 1
github.com/splunk/syntheticsclient/syntheticsclientv2/get_downtimeconfigurationsv2.go:64.107,71.16 2 1
github.com/splunk/syntheticsclient/syntheticsclientv2/get_downtimeconfigurationsv2.go:71.16,73.3 1 0
github.com/splunk/syntheticsclient/syntheticsclientv2/get_downtimeconfigurationsv2.go:75.2,76.16 2 1
github.com/splunk/syntheticsclient/syntheticsclientv2/get_downtimeconfigurationsv2.go:76.16,78.3 1 0
github.com/splunk/syntheticsclient/syntheticsclientv2/get_downtimeconfigurationsv2.go:80.2,80.28 1 1
github.com/splunk/syntheticsclient/syntheticsclientv2/get_httpcheckv2.go:23.81,27.16 3 1
github.com/splunk/syntheticsclient/syntheticsclientv2/get_httpcheckv2.go:27.16,29.3 1 0
github.com/splunk/syntheticsclient/syntheticsclientv2/get_httpcheckv2.go:31.2,31.26 1 1
github.com/splunk/syntheticsclient/syntheticsclientv2/get_httpcheckv2.go:34.87,38.16 2 1
github.com/splunk/syntheticsclient/syntheticsclientv2/get_httpcheckv2.go:38.16,40.3 1 0
github.com/splunk/syntheticsclient/syntheticsclientv2/get_httpcheckv2.go:42.2,43.16 2 1
github.com/splunk/syntheticsclient/syntheticsclientv2/get_httpcheckv2.go:43.16,45.3 1 0
github.com/splunk/syntheticsclient/syntheticsclientv2/get_httpcheckv2.go:47.2,47.34 1 1
github.com/splunk/syntheticsclient/syntheticsclientv2/get_locationsv2.go:23.78,27.16 3 1
github.com/splunk/syntheticsclient/syntheticsclientv2/get_locationsv2.go:27.16,29.3 1 0
github.com/splunk/syntheticsclient/syntheticsclientv2/get_locationsv2.go:31.2,31.24 1 1
github.com/splunk/syntheticsclient/syntheticsclientv2/get_locationsv2.go:34.76,38.16 3 1
github.com/splunk/syntheticsclient/syntheticsclientv2/get_locationsv2.go:38.16,40.3 1 0
github.com/splunk/syntheticsclient/syntheticsclientv2/get_locationsv2.go:42.2,42.23 1 1
github.com/splunk/syntheticsclient/syntheticsclientv2/get_locationsv2.go:45.81,52.16 2 1
github.com/splunk/syntheticsclient/syntheticsclientv2/get_locationsv2.go:52.16,54.3 1 0
github.com/splunk/syntheticsclient/syntheticsclientv2/get_locationsv2.go:56.2,57.16 2 1
github.com/splunk/syntheticsclient/syntheticsclientv2/get_locationsv2.go:57.16,59.3 1 0
github.com/splunk/syntheticsclient/syntheticsclientv2/get_locationsv2.go:61.2,61.32 1 1
github.com/splunk/syntheticsclient/syntheticsclientv2/get_locationsv2.go:64.88,71.16 2 1
github.com/splunk/syntheticsclient/syntheticsclientv2/get_locationsv2.go:71.16,73.3 1 0
github.com/splunk/syntheticsclient/syntheticsclientv2/get_locationsv2.go:75.2,76.16 2 1
github.com/splunk/syntheticsclient/syntheticsclientv2/get_locationsv2.go:76.16,78.3 1 0
github.com/splunk/syntheticsclient/syntheticsclientv2/get_locationsv2.go:80.2,80.31 1 1
github.com/splunk/syntheticsclient/syntheticsclientv2/get_portcheckv2.go:23.81,27.16 3 1
github.com/splunk/syntheticsclient/syntheticsclientv2/get_portcheckv2.go:27.16,29.3 1 0
github.com/splunk/syntheticsclient/syntheticsclientv2/get_portcheckv2.go:31.2,31.26 1 1
github.com/splunk/syntheticsclient/syntheticsclientv2/get_portcheckv2.go:34.87,38.16 2 1
github.com/splunk/syntheticsclient/syntheticsclientv2/get_portcheckv2.go:38.16,40.3 1 0
github.com/splunk/syntheticsclient/syntheticsclientv2/get_portcheckv2.go:42.2,43.16 2 1
github.com/splunk/syntheticsclient/syntheticsclientv2/get_portcheckv2.go:43.16,45.3 1 0
github.com/splunk/syntheticsclient/syntheticsclientv2/get_portcheckv2.go:47.2,47.34 1 1
github.com/splunk/syntheticsclient/syntheticsclientv2/get_variablev2.go:23.76,27.16 3 1
github.com/splunk/syntheticsclient/syntheticsclientv2/get_variablev2.go:27.16,29.3 1 0
github.com/splunk/syntheticsclient/syntheticsclientv2/get_variablev2.go:31.2,31.20 1 1
github.com/splunk/syntheticsclient/syntheticsclientv2/get_variablev2.go:34.85,41.16 2 1
github.com/splunk/syntheticsclient/syntheticsclientv2/get_variablev2.go:41.16,43.3 1 0
github.com/splunk/syntheticsclient/syntheticsclientv2/get_variablev2.go:45.2,46.16 2 1
github.com/splunk/syntheticsclient/syntheticsclientv2/get_variablev2.go:46.16,48.3 1 0
github.com/splunk/syntheticsclient/syntheticsclientv2/get_variablev2.go:50.2,50.28 1 1
github.com/splunk/syntheticsclient/syntheticsclientv2/get_variablev2.go:53.78,57.16 3 1
github.com/splunk/syntheticsclient/syntheticsclientv2/get_variablev2.go:57.16,59.3 1 0
github.com/splunk/syntheticsclient/syntheticsclientv2/get_variablev2.go:61.2,61.20 1 1
github.com/splunk/syntheticsclient/syntheticsclientv2/get_variablev2.go:64.81,71.16 2 1
github.com/splunk/syntheticsclient/syntheticsclientv2/get_variablev2.go:71.16,73.3 1 0
github.com/splunk/syntheticsclient/syntheticsclientv2/get_variablev2.go:75.2,76.16 2 1
github.com/splunk/syntheticsclient/syntheticsclientv2/get_variablev2.go:76.16,78.3 1 0
github.com/splunk/syntheticsclient/syntheticsclientv2/get_variablev2.go:80.2,80.28 1 1
github.com/splunk/syntheticsclient/syntheticsclientv2/synthetics.go:57.33,59.2 1 0
github.com/splunk/syntheticsclient/syntheticsclientv2/synthetics.go:61.146,65.16 3 1
github.com/splunk/syntheticsclient/syntheticsclientv2/synthetics.go:65.16,67.3 1 0
github.com/splunk/syntheticsclient/syntheticsclientv2/synthetics.go:70.2,77.38 5 1
github.com/splunk/syntheticsclient/syntheticsclientv2/synthetics.go:77.38,79.3 1 0
github.com/splunk/syntheticsclient/syntheticsclientv2/synthetics.go:80.2,85.16 4 1
github.com/splunk/syntheticsclient/syntheticsclientv2/synthetics.go:85.16,87.3 1 0
github.com/splunk/syntheticsclient/syntheticsclientv2/synthetics.go:88.2,95.16 6 1
github.com/splunk/syntheticsclient/syntheticsclientv2/synthetics.go:95.16,97.3 1 1
github.com/splunk/syntheticsclient/syntheticsclientv2/synthetics.go:99.2,99.81 1 1
github.com/splunk/syntheticsclient/syntheticsclientv2/synthetics.go:99.81,101.67 2 0
github.com/splunk/syntheticsclient/syntheticsclientv2/synthetics.go:101.67,103.19 2 0
github.com/splunk/syntheticsclient/syntheticsclientv2/synthetics.go:103.19,105.5 1 0
github.com/splunk/syntheticsclient/syntheticsclientv2/synthetics.go:106.4,106.105 1 0
github.com/splunk/syntheticsclient/syntheticsclientv2/synthetics.go:108.3,108.81 1 0
github.com/splunk/syntheticsclient/syntheticsclientv2/synthetics.go:111.2,112.16 2 1
github.com/splunk/syntheticsclient/syntheticsclientv2/synthetics.go:112.16,114.3 1 0
github.com/splunk/syntheticsclient/syntheticsclientv2/synthetics.go:116.2,120.22 4 1
github.com/splunk/syntheticsclient/syntheticsclientv2/synthetics.go:123.53,126.2 2 0
github.com/splunk/syntheticsclient/syntheticsclientv2/synthetics.go:128.82,134.30 2 1
github.com/splunk/syntheticsclient/syntheticsclientv2/synthetics.go:134.30,136.3 1 0
github.com/splunk/syntheticsclient/syntheticsclientv2/synthetics.go:136.8,138.3 1 1
github.com/splunk/syntheticsclient/syntheticsclientv2/synthetics.go:140.2,140.16 1 1
github.com/splunk/syntheticsclient/syntheticsclientv2/synthetics.go:144.46,146.2 1 1
github.com/splunk/syntheticsclient/syntheticsclientv2/synthetics.go:149.34,152.16 3 0
github.com/splunk/syntheticsclient/syntheticsclientv2/synthetics.go:152.16,155.3 2 0
github.com/splunk/syntheticsclient/syntheticsclientv2/synthetics.go:156.2,156.24 1 0
github.com/splunk/syntheticsclient/syntheticsclientv2/update_apicheckv2.go:23.82,25.20 2 1
github.com/splunk/syntheticsclient/syntheticsclientv2/update_apicheckv2.go:25.20,27.17 2 1
github.com/splunk/syntheticsclient/syntheticsclientv2/update_apicheckv2.go:27.17,29.4 1 0
github.com/splunk/syntheticsclient/syntheticsclientv2/update_apicheckv2.go:30.3,30.32 1 1
github.com/splunk/syntheticsclient/syntheticsclientv2/update_apicheckv2.go:32.2,32.31 1 0
github.com/splunk/syntheticsclient/syntheticsclientv2/update_apicheckv2.go:35.124,36.53 1 1
github.com/splunk/syntheticsclient/syntheticsclientv2/update_apicheckv2.go:36.53,39.3 2 0
github.com/splunk/syntheticsclient/syntheticsclientv2/update_apicheckv2.go:41.2,41.59 1 1
github.com/splunk/syntheticsclient/syntheticsclientv2/update_apicheckv2.go:41.59,44.3 2 0
github.com/splunk/syntheticsclient/syntheticsclientv2/update_apicheckv2.go:46.2,47.16 2 1
github.com/splunk/syntheticsclient/syntheticsclientv2/update_apicheckv2.go:47.16,49.3 1 0
github.com/splunk/syntheticsclient/syntheticsclientv2/update_apicheckv2.go:51.2,52.16 2 1
github.com/splunk/syntheticsclient/syntheticsclientv2/update_apicheckv2.go:52.16,54.3 1 0
github.com/splunk/syntheticsclient/syntheticsclientv2/update_apicheckv2.go:56.2,57.16 2 1
github.com/splunk/syntheticsclient/syntheticsclientv2/update_apicheckv2.go:57.16,59.3 1 0
github.com/splunk/syntheticsclient/syntheticsclientv2/update_apicheckv2.go:61.2,61.46 1 1
github.com/splunk/syntheticsclient/syntheticsclientv2/update_browsercheckv2.go:23.90,25.20 2 1
github.com/splunk/syntheticsclient/syntheticsclientv2/update_browsercheckv2.go:25.20,27.17 2 1
github.com/splunk/syntheticsclient/syntheticsclientv2/update_browsercheckv2.go:27.17,29.4 1 0
github.com/splunk/syntheticsclient/syntheticsclientv2/update_browsercheckv2.go:30.3,30.36 1 1
github.com/splunk/syntheticsclient/syntheticsclientv2/update_browsercheckv2.go:32.2,32.35 1 0
github.com/splunk/syntheticsclient/syntheticsclientv2/update_browsercheckv2.go:35.140,38.16 2 1
github.com/splunk/syntheticsclient/syntheticsclientv2/update_browsercheckv2.go:38.16,40.3 1 0
github.com/splunk/syntheticsclient/syntheticsclientv2/update_browsercheckv2.go:42.2,43.16 2 1
github.com/splunk/syntheticsclient/syntheticsclientv2/update_browsercheckv2.go:43.16,45.3 1 0
github.com/splunk/syntheticsclient/syntheticsclientv2/update_browsercheckv2.go:47.2,48.16 2 1
github.com/splunk/syntheticsclient/syntheticsclientv2/update_browsercheckv2.go:48.16,50.3 1 0
github.com/splunk/syntheticsclient/syntheticsclientv2/update_browsercheckv2.go:52.2,52.50 1 1
github.com/splunk/syntheticsclient/syntheticsclientv2/update_downtimeconfigurationv2.go:23.108,25.20 2 1
github.com/splunk/syntheticsclient/syntheticsclientv2/update_downtimeconfigurationv2.go:25.20,27.17 2 1
github.com/splunk/syntheticsclient/syntheticsclientv2/update_downtimeconfigurationv2.go:27.17,29.4 1 0
github.com/splunk/syntheticsclient/syntheticsclientv2/update_downtimeconfigurationv2.go:30.3,30.45 1 1
github.com/splunk/syntheticsclient/syntheticsclientv2/update_downtimeconfigurationv2.go:32.2,32.44 1 0
github.com/splunk/syntheticsclient/syntheticsclientv2/update_downtimeconfigurationv2.go:35.176,38.16 2 1
github.com/splunk/syntheticsclient/syntheticsclientv2/update_downtimeconfigurationv2.go:38.16,40.3 1 0
github.com/splunk/syntheticsclient/syntheticsclientv2/update_downtimeconfigurationv2.go:42.2,43.16 2 1
github.com/splunk/syntheticsclient/syntheticsclientv2/update_downtimeconfigurationv2.go:43.16,45.3 1 0
github.com/splunk/syntheticsclient/syntheticsclientv2/update_downtimeconfigurationv2.go:47.2,48.16 2 1
github.com/splunk/syntheticsclient/syntheticsclientv2/update_downtimeconfigurationv2.go:48.16,50.3 1 0
github.com/splunk/syntheticsclient/syntheticsclientv2/update_downtimeconfigurationv2.go:52.2,52.59 1 1
github.com/splunk/syntheticsclient/syntheticsclientv2/update_httpcheckv2.go:23.84,25.20 2 1
github.com/splunk/syntheticsclient/syntheticsclientv2/update_httpcheckv2.go:25.20,27.17 2 1
github.com/splunk/syntheticsclient/syntheticsclientv2/update_httpcheckv2.go:27.17,29.4 1 0
github.com/splunk/syntheticsclient/syntheticsclientv2/update_httpcheckv2.go:30.3,30.33 1 1
github.com/splunk/syntheticsclient/syntheticsclientv2/update_httpcheckv2.go:32.2,32.32 1 0
github.com/splunk/syntheticsclient/syntheticsclientv2/update_httpcheckv2.go:35.128,36.48 1 1
github.com/splunk/syntheticsclient/syntheticsclientv2/update_httpcheckv2.go:36.48,39.3 2 1
github.com/splunk/syntheticsclient/syntheticsclientv2/update_httpcheckv2.go:41.2,42.16 2 1
github.com/splunk/syntheticsclient/syntheticsclientv2/update_httpcheckv2.go:42.16,44.3 1 0
github.com/splunk/syntheticsclient/syntheticsclientv2/update_httpcheckv2.go:46.2,47.16 2 1
github.com/splunk/syntheticsclient/syntheticsclientv2/update_httpcheckv2.go:47.16,49.3 1 0
github.com/splunk/syntheticsclient/syntheticsclientv2/update_httpcheckv2.go:51.2,52.16 2 1
github.com/splunk/syntheticsclient/syntheticsclientv2/update_httpcheckv2.go:52.16,54.3 1 0
github.com/splunk/syntheticsclient/syntheticsclientv2/update_httpcheckv2.go:56.2,56.47 1 1
github.com/splunk/syntheticsclient/syntheticsclientv2/update_portcheckv2.go:23.84,25.20 2 1
github.com/splunk/syntheticsclient/syntheticsclientv2/update_portcheckv2.go:25.20,27.17 2 1
github.com/splunk/syntheticsclient/syntheticsclientv2/update_portcheckv2.go:27.17,29.4 1 0
github.com/splunk/syntheticsclient/syntheticsclientv2/update_portcheckv2.go:30.3,30.33 1 1
github.com/splunk/syntheticsclient/syntheticsclientv2/update_portcheckv2.go:32.2,32.32 1 0
github.com/splunk/syntheticsclient/syntheticsclientv2/update_portcheckv2.go:35.128,38.16 2 1
github.com/splunk/syntheticsclient/syntheticsclientv2/update_portcheckv2.go:38.16,40.3 1 0
github.com/splunk/syntheticsclient/syntheticsclientv2/update_portcheckv2.go:42.2,43.16 2 1
github.com/splunk/syntheticsclient/syntheticsclientv2/update_portcheckv2.go:43.16,45.3 1 0
github.com/splunk/syntheticsclient/syntheticsclientv2/update_portcheckv2.go:47.2,48.16 2 1
github.com/splunk/syntheticsclient/syntheticsclientv2/update_portcheckv2.go:48.16,50.3 1 0
github.com/splunk/syntheticsclient/syntheticsclientv2/update_portcheckv2.go:52.2,52.47 1 1
github.com/splunk/syntheticsclient/syntheticsclientv2/update_variablev2.go:23.82,25.20 2 1
github.com/splunk/syntheticsclient/syntheticsclientv2/update_variablev2.go:25.20,27.17 2 1
github.com/splunk/syntheticsclient/syntheticsclientv2/update_variablev2.go:27.17,29.4 1 0
github.com/splunk/syntheticsclient/syntheticsclientv2/update_variablev2.go:30.3,30.37 1 1
github.com/splunk/syntheticsclient/syntheticsclientv2/update_variablev2.go:32.2,32.36 1 0
github.com/splunk/syntheticsclient/syntheticsclientv2/update_variablev2.go:35.124,38.16 2 1
github.com/splunk/syntheticsclient/syntheticsclientv2/update_variablev2.go:38.16,40.3 1 0
github.com/splunk/syntheticsclient/syntheticsclientv2/update_variablev2.go:42.2,43.16 2 1
github.com/splunk/syntheticsclient/syntheticsclientv2/update_variablev2.go:43.16,45.3 1 0
github.com/splunk/syntheticsclient/syntheticsclientv2/update_variablev2.go:47.2,48.16 2 1
github.com/splunk/syntheticsclient/syntheticsclientv2/update_variablev2.go:48.16,50.3 1 0
github.com/splunk/syntheticsclient/syntheticsclientv2/update_variablev2.go:52.2,52.46 1 1
